<?xml version="1.0" encoding="UTF-8"?>
<!-- Generated by org.testng.reporters.JUnitXMLReporter -->
<testsuite ignored="8" hostname="LAPTOP-EEAS1CV9" failures="0" tests="3" name="Test" time="0.058" errors="0" timestamp="16 Sept 2024 06:58:17 GMT">
  <testcase classname="genericlib.BaseTest" name="@BeforeClass setUp" time="0.0">
    <failure type="org.testng.TestNGException" message="
Parameter &amp;apos;browser&amp;apos; is required by BeforeClass on method setUp but has not been marked @Optional or defined
in C:\Users\AMAN SINGH\git\GurugramProject\TimesheetManagementTool\p2testng.xml">
      <![CDATA[org.testng.TestNGException: 
Parameter 'browser' is required by BeforeClass on method setUp but has not been marked @Optional or defined
in C:\Users\AMAN SINGH\git\GurugramProject\TimesheetManagementTool\p2testng.xml
... Removed 23 stack frames]]>
    </failure>
  </testcase> <!-- @BeforeClass setUp -->
  <testcase classname="genericlib.BaseTest" name="@AfterClass tearDown" time="0.0">
    <skipped/>
  </testcase> <!-- @AfterClass tearDown -->
  <testcase classname="genericlib.BaseTest" name="@BeforeClass setUp" time="0.0">
    <failure type="org.testng.TestNGException" message="
Parameter &amp;apos;browser&amp;apos; is required by BeforeClass on method setUp but has not been marked @Optional or defined
in C:\Users\AMAN SINGH\git\GurugramProject\TimesheetManagementTool\p2testng.xml">
      <![CDATA[org.testng.TestNGException: 
Parameter 'browser' is required by BeforeClass on method setUp but has not been marked @Optional or defined
in C:\Users\AMAN SINGH\git\GurugramProject\TimesheetManagementTool\p2testng.xml
... Removed 23 stack frames]]>
    </failure>
  </testcase> <!-- @BeforeClass setUp -->
  <testcase classname="genericlib.BaseTest" name="@AfterClass tearDown" time="0.0">
    <skipped/>
  </testcase> <!-- @AfterClass tearDown -->
  <testcase classname="genericlib.BaseTest" name="@BeforeClass setUp" time="0.0">
    <failure type="org.testng.TestNGException" message="
Parameter &amp;apos;browser&amp;apos; is required by BeforeClass on method setUp but has not been marked @Optional or defined
in C:\Users\AMAN SINGH\git\GurugramProject\TimesheetManagementTool\p2testng.xml">
      <![CDATA[org.testng.TestNGException: 
Parameter 'browser' is required by BeforeClass on method setUp but has not been marked @Optional or defined
in C:\Users\AMAN SINGH\git\GurugramProject\TimesheetManagementTool\p2testng.xml
... Removed 23 stack frames]]>
    </failure>
  </testcase> <!-- @BeforeClass setUp -->
  <testcase classname="genericlib.BaseTest" name="@AfterClass tearDown" time="0.0">
    <skipped/>
  </testcase> <!-- @AfterClass tearDown -->
  <testcase classname="testscripts.CreateUserTest" name="createNewUser" time="0.0">
    <skipped/>
  </testcase> <!-- createNewUser -->
  <testcase classname="testscripts.ValidLoginTest" name="login" time="0.0">
    <skipped/>
  </testcase> <!-- login -->
  <testcase classname="testscripts.InvalidLoginTest" name="invalidLogin" time="0.0">
    <skipped/>
  </testcase> <!-- invalidLogin -->
  <testcase classname="genericlib.BaseTest" name="@AfterSuite tocloseServer" time="0.0">
    <ignored/>
  </testcase> <!-- @AfterSuite tocloseServer -->
  <testcase classname="genericlib.BaseTest" name="@AfterSuite tocloseServer" time="0.0">
    <ignored/>
  </testcase> <!-- @AfterSuite tocloseServer -->
  <testcase classname="genericlib.BaseTest" name="@AfterTest tocloseDatabase" time="0.0">
    <ignored/>
  </testcase> <!-- @AfterTest tocloseDatabase -->
  <testcase classname="genericlib.BaseTest" name="@AfterTest tocloseDatabase" time="0.0">
    <ignored/>
  </testcase> <!-- @AfterTest tocloseDatabase -->
  <testcase classname="genericlib.BaseTest" name="@BeforeTest toConnectWithDatabase" time="0.0">
    <ignored/>
  </testcase> <!-- @BeforeTest toConnectWithDatabase -->
  <testcase classname="genericlib.BaseTest" name="@BeforeTest toConnectWithDatabase" time="0.0">
    <ignored/>
  </testcase> <!-- @BeforeTest toConnectWithDatabase -->
  <testcase classname="genericlib.BaseTest" name="@BeforeSuite toConnectWithServer" time="0.0">
    <ignored/>
  </testcase> <!-- @BeforeSuite toConnectWithServer -->
  <testcase classname="genericlib.BaseTest" name="@BeforeSuite toConnectWithServer" time="0.0">
    <ignored/>
  </testcase> <!-- @BeforeSuite toConnectWithServer -->
</testsuite> <!-- Test -->
